<?xml version="1.0" encoding="UTF-8"?>
<!-- Generated by org.testng.reporters.JUnitXMLReporter -->
<testsuite ignored="0" hostname="LAPTOP-4FSCT9C5" failures="2" tests="2" name="Test1" time="0.026" errors="0" timestamp="2021-03-03T19:18:13 IST">
  <testcase classname="com.AutomationScript.sample.Automate" name="searchForHospital" time="0.009">
    <failure type="java.lang.IllegalStateException" message="The driver executable does not exist: D:\Users\psaib\eclipse-workspace\Hackathonproject\drivers\Edgedriver.exe">
      <![CDATA[java.lang.IllegalStateException: The driver executable does not exist: D:\Users\psaib\eclipse-workspace\Hackathonproject\drivers\Edgedriver.exe
at com.google.common.base.Preconditions.checkState(Preconditions.java:585)
at org.openqa.selenium.remote.service.DriverService.checkExecutable(DriverService.java:146)
at org.openqa.selenium.remote.service.DriverService.findExecutable(DriverService.java:141)
at org.openqa.selenium.edge.EdgeDriverService.access$000(EdgeDriverService.java:37)
at org.openqa.selenium.edge.EdgeDriverService$Builder.findDefaultExecutable(EdgeDriverService.java:90)
at org.openqa.selenium.remote.service.DriverService$Builder.build(DriverService.java:355)
at org.openqa.selenium.edge.EdgeDriverService.createDefaultService(EdgeDriverService.java:70)
at org.openqa.selenium.edge.EdgeDriver.<init>(EdgeDriver.java:96)
at com.AutomationScript.sample.BaseUI.openBrowserAndNavigateToPracto(BaseUI.java:70)
at com.AutomationScript.sample.Automate.searchForHospital(Automate.java:31)
at java.base/java.util.ArrayList.forEach(ArrayList.java:1511)
... Removed 27 stack frames]]>
    </failure>
  </testcase> <!-- searchForHospital -->
  <testcase classname="com.AutomationScript.sample.Automate" name="CaptureAlert" time="0.007">
    <failure type="java.lang.IllegalStateException" message="The driver executable does not exist: D:\Users\psaib\eclipse-workspace\Hackathonproject\drivers\Edgedriver.exe">
      <![CDATA[java.lang.IllegalStateException: The driver executable does not exist: D:\Users\psaib\eclipse-workspace\Hackathonproject\drivers\Edgedriver.exe
at com.google.common.base.Preconditions.checkState(Preconditions.java:585)
at org.openqa.selenium.remote.service.DriverService.checkExecutable(DriverService.java:146)
at org.openqa.selenium.remote.service.DriverService.findExecutable(DriverService.java:141)
at org.openqa.selenium.edge.EdgeDriverService.access$000(EdgeDriverService.java:37)
at org.openqa.selenium.edge.EdgeDriverService$Builder.findDefaultExecutable(EdgeDriverService.java:90)
at org.openqa.selenium.remote.service.DriverService$Builder.build(DriverService.java:355)
at org.openqa.selenium.edge.EdgeDriverService.createDefaultService(EdgeDriverService.java:70)
at org.openqa.selenium.edge.EdgeDriver.<init>(EdgeDriver.java:96)
at com.AutomationScript.sample.BaseUI.openBrowserAndNavigateToPracto(BaseUI.java:70)
at com.AutomationScript.sample.Automate.CaptureAlert(Automate.java:88)
at java.base/java.util.ArrayList.forEach(ArrayList.java:1511)
... Removed 27 stack frames]]>
    </failure>
  </testcase> <!-- CaptureAlert -->
</testsuite> <!-- Test1 -->
