<?xml version="1.0" encoding="UTF-8"?>
<!-- Generated by org.testng.reporters.JUnitXMLReporter -->
<testsuite ignored="0" hostname="LAPTOP-4FSCT9C5" failures="0" tests="3" name="Test" time="49.972" errors="0" timestamp="2021-03-05T18:13:37 IST">
  <testcase classname="com.AutomationScript.sample.Automate" name="searchForHospital" time="24.548"/>
  <testcase classname="com.AutomationScript.sample.Automate" name="TopCities" time="10.492"/>
  <testcase classname="com.AutomationScript.sample.Automate" name="CaptureAlert" time="14.866"/>
</testsuite> <!-- Test -->
