<?xml version="1.0" encoding="UTF-8"?>
<testng-results ignored="0" total="3" passed="3" failed="0" skipped="0">
  <reporter-output>
  </reporter-output>
  <suite started-at="2021-03-05T18:12:47 IST" name="Suite" finished-at="2021-03-05T18:13:37 IST" duration-ms="49972">
    <groups>
    </groups>
    <test started-at="2021-03-05T18:12:47 IST" name="Test" finished-at="2021-03-05T18:13:37 IST" duration-ms="49972">
      <class name="com.AutomationScript.sample.Automate">
        <test-method signature="searchForHospital(java.lang.String)[pri:1, instance:com.AutomationScript.sample.Automate@1f3f4916]" started-at="2021-03-05T18:12:47 IST" name="searchForHospital" finished-at="2021-03-05T18:13:12 IST" duration-ms="24548" status="PASS">
          <params>
            <param index="0">
              <value>
                <![CDATA[chrome]]>
              </value>
            </param>
          </params>
          <reporter-output>
          </reporter-output>
        </test-method> <!-- searchForHospital -->
        <test-method signature="TopCities(java.lang.String)[pri:2, instance:com.AutomationScript.sample.Automate@1f3f4916]" started-at="2021-03-05T18:13:12 IST" name="TopCities" finished-at="2021-03-05T18:13:22 IST" duration-ms="10492" status="PASS">
          <params>
            <param index="0">
              <value>
                <![CDATA[chrome]]>
              </value>
            </param>
          </params>
          <reporter-output>
          </reporter-output>
        </test-method> <!-- TopCities -->
        <test-method signature="CaptureAlert(java.lang.String)[pri:3, instance:com.AutomationScript.sample.Automate@1f3f4916]" started-at="2021-03-05T18:13:22 IST" name="CaptureAlert" finished-at="2021-03-05T18:13:37 IST" duration-ms="14866" status="PASS">
          <params>
            <param index="0">
              <value>
                <![CDATA[chrome]]>
              </value>
            </param>
          </params>
          <reporter-output>
          </reporter-output>
        </test-method> <!-- CaptureAlert -->
      </class> <!-- com.AutomationScript.sample.Automate -->
    </test> <!-- Test -->
  </suite> <!-- Suite -->
</testng-results>
